<?xml version="1.0" encoding="UTF-8"?>
<testng-results skipped="2" failed="0" ignored="0" total="6" passed="4">
  <reporter-output>
  </reporter-output>
  <suite name="All Test Suite" duration-ms="117" started-at="2020-05-21T15:14:59 PDT" finished-at="2020-05-21T15:14:59 PDT">
    <groups>
    </groups>
    <test name="/Users/neelima/GitHome/TestNGProject/src/test/java/org.dwivedi.listeners.ListenerTest" duration-ms="117" started-at="2020-05-21T15:14:59 PDT" finished-at="2020-05-21T15:14:59 PDT">
      <class name="org.dwivedi.dependsOn.DependsOnMethodsTestCase">
        <test-method status="PASS" signature="testcase_2()[pri:0, instance:org.dwivedi.dependsOn.DependsOnMethodsTestCase@146ba0ac]" name="testcase_2" duration-ms="9" started-at="2020-05-21T15:14:59 PDT" finished-at="2020-05-21T15:14:59 PDT">
          <reporter-output>
          </reporter-output>
        </test-method> <!-- testcase_2 -->
        <test-method status="PASS" signature="testcase_1()[pri:0, instance:org.dwivedi.dependsOn.DependsOnMethodsTestCase@146ba0ac]" name="testcase_1" duration-ms="5" started-at="2020-05-21T15:14:59 PDT" depends-on-methods="org.dwivedi.dependsOn.DependsOnMethodsTestCase.testcase_2" finished-at="2020-05-21T15:14:59 PDT">
          <reporter-output>
          </reporter-output>
        </test-method> <!-- testcase_1 -->
      </class> <!-- org.dwivedi.dependsOn.DependsOnMethodsTestCase -->
      <class name="org.dwivedi.testng.SkipExceptionTest">
        <test-method status="SKIP" signature="skipTest()[pri:0, instance:org.dwivedi.testng.SkipExceptionTest@6eebc39e]" name="skipTest" duration-ms="0" started-at="2020-05-21T15:14:59 PDT" finished-at="2020-05-21T15:14:59 PDT">
          <exception class="org.testng.SkipException">
            <message>
              <![CDATA[Skipping a test-Not ready yet]]>
            </message>
            <full-stacktrace>
              <![CDATA[org.testng.SkipException: Skipping a test-Not ready yet
at org.dwivedi.testng.SkipExceptionTest.skipTest(SkipExceptionTest.java:13)
at sun.reflect.NativeMethodAccessorImpl.invoke0(Native Method)
at sun.reflect.NativeMethodAccessorImpl.invoke(NativeMethodAccessorImpl.java:62)
at sun.reflect.DelegatingMethodAccessorImpl.invoke(DelegatingMethodAccessorImpl.java:43)
at java.lang.reflect.Method.invoke(Method.java:498)
at org.testng.internal.MethodInvocationHelper.invokeMethod(MethodInvocationHelper.java:134)
at org.testng.internal.TestInvoker.invokeMethod(TestInvoker.java:597)
at org.testng.internal.TestInvoker.invokeTestMethod(TestInvoker.java:173)
at org.testng.internal.MethodRunner.runInSequence(MethodRunner.java:46)
at org.testng.internal.TestInvoker$MethodInvocationAgent.invoke(TestInvoker.java:816)
at org.testng.internal.TestInvoker.invokeTestMethods(TestInvoker.java:146)
at org.testng.internal.TestMethodWorker.invokeTestMethods(TestMethodWorker.java:146)
at org.testng.internal.TestMethodWorker.run(TestMethodWorker.java:128)
at java.util.ArrayList.forEach(ArrayList.java:1249)
at org.testng.TestRunner.privateRun(TestRunner.java:766)
at org.testng.TestRunner.run(TestRunner.java:587)
at org.testng.SuiteRunner.runTest(SuiteRunner.java:384)
at org.testng.SuiteRunner.runSequentially(SuiteRunner.java:378)
at org.testng.SuiteRunner.privateRun(SuiteRunner.java:337)
at org.testng.SuiteRunner.run(SuiteRunner.java:286)
at org.testng.SuiteRunnerWorker.runSuite(SuiteRunnerWorker.java:53)
at org.testng.SuiteRunnerWorker.run(SuiteRunnerWorker.java:96)
at org.testng.TestNG.runSuitesSequentially(TestNG.java:1187)
at org.testng.TestNG.runSuitesLocally(TestNG.java:1109)
at org.testng.TestNG.runSuites(TestNG.java:1039)
at org.testng.TestNG.run(TestNG.java:1007)
at org.apache.maven.surefire.testng.TestNGExecutor.run(TestNGExecutor.java:283)
at org.apache.maven.surefire.testng.TestNGXmlTestSuite.execute(TestNGXmlTestSuite.java:75)
at org.apache.maven.surefire.testng.TestNGProvider.invoke(TestNGProvider.java:120)
at org.apache.maven.surefire.booter.ForkedBooter.runSuitesInProcess(ForkedBooter.java:377)
at org.apache.maven.surefire.booter.ForkedBooter.execute(ForkedBooter.java:138)
at org.apache.maven.surefire.booter.ForkedBooter.run(ForkedBooter.java:465)
at org.apache.maven.surefire.booter.ForkedBooter.main(ForkedBooter.java:451)
]]>
            </full-stacktrace>
          </exception> <!-- org.testng.SkipException -->
          <reporter-output>
          </reporter-output>
        </test-method> <!-- skipTest -->
        <test-method status="PASS" signature="nonSkipTest()[pri:0, instance:org.dwivedi.testng.SkipExceptionTest@6eebc39e]" name="nonSkipTest" duration-ms="1" started-at="2020-05-21T15:14:59 PDT" finished-at="2020-05-21T15:14:59 PDT">
          <reporter-output>
          </reporter-output>
        </test-method> <!-- nonSkipTest -->
      </class> <!-- org.dwivedi.testng.SkipExceptionTest -->
      <class name="org.dwivedi.listeners.ListenerTest">
        <test-method status="PASS" signature="testCase1()[pri:0, instance:org.dwivedi.listeners.ListenerTest@4dfa3a9d]" name="testCase1" duration-ms="16" started-at="2020-05-21T15:14:59 PDT" finished-at="2020-05-21T15:14:59 PDT">
          <reporter-output>
          </reporter-output>
        </test-method> <!-- testCase1 -->
        <test-method status="SKIP" signature="testCase3()[pri:0, instance:org.dwivedi.listeners.ListenerTest@4dfa3a9d]" name="testCase3" duration-ms="2" started-at="2020-05-21T15:14:59 PDT" finished-at="2020-05-21T15:14:59 PDT">
          <exception class="org.testng.SkipException">
            <message>
              <![CDATA[this is the skipped test...]]>
            </message>
            <full-stacktrace>
              <![CDATA[org.testng.SkipException: this is the skipped test...
at org.dwivedi.listeners.ListenerTest.testCase3(ListenerTest.java:25)
at sun.reflect.NativeMethodAccessorImpl.invoke0(Native Method)
at sun.reflect.NativeMethodAccessorImpl.invoke(NativeMethodAccessorImpl.java:62)
at sun.reflect.DelegatingMethodAccessorImpl.invoke(DelegatingMethodAccessorImpl.java:43)
at java.lang.reflect.Method.invoke(Method.java:498)
at org.testng.internal.MethodInvocationHelper.invokeMethod(MethodInvocationHelper.java:134)
at org.testng.internal.TestInvoker.invokeMethod(TestInvoker.java:597)
at org.testng.internal.TestInvoker.invokeTestMethod(TestInvoker.java:173)
at org.testng.internal.MethodRunner.runInSequence(MethodRunner.java:46)
at org.testng.internal.TestInvoker$MethodInvocationAgent.invoke(TestInvoker.java:816)
at org.testng.internal.TestInvoker.invokeTestMethods(TestInvoker.java:146)
at org.testng.internal.TestMethodWorker.invokeTestMethods(TestMethodWorker.java:146)
at org.testng.internal.TestMethodWorker.run(TestMethodWorker.java:128)
at java.util.ArrayList.forEach(ArrayList.java:1249)
at org.testng.TestRunner.privateRun(TestRunner.java:766)
at org.testng.TestRunner.run(TestRunner.java:587)
at org.testng.SuiteRunner.runTest(SuiteRunner.java:384)
at org.testng.SuiteRunner.runSequentially(SuiteRunner.java:378)
at org.testng.SuiteRunner.privateRun(SuiteRunner.java:337)
at org.testng.SuiteRunner.run(SuiteRunner.java:286)
at org.testng.SuiteRunnerWorker.runSuite(SuiteRunnerWorker.java:53)
at org.testng.SuiteRunnerWorker.run(SuiteRunnerWorker.java:96)
at org.testng.TestNG.runSuitesSequentially(TestNG.java:1187)
at org.testng.TestNG.runSuitesLocally(TestNG.java:1109)
at org.testng.TestNG.runSuites(TestNG.java:1039)
at org.testng.TestNG.run(TestNG.java:1007)
at org.apache.maven.surefire.testng.TestNGExecutor.run(TestNGExecutor.java:283)
at org.apache.maven.surefire.testng.TestNGXmlTestSuite.execute(TestNGXmlTestSuite.java:75)
at org.apache.maven.surefire.testng.TestNGProvider.invoke(TestNGProvider.java:120)
at org.apache.maven.surefire.booter.ForkedBooter.runSuitesInProcess(ForkedBooter.java:377)
at org.apache.maven.surefire.booter.ForkedBooter.execute(ForkedBooter.java:138)
at org.apache.maven.surefire.booter.ForkedBooter.run(ForkedBooter.java:465)
at org.apache.maven.surefire.booter.ForkedBooter.main(ForkedBooter.java:451)
]]>
            </full-stacktrace>
          </exception> <!-- org.testng.SkipException -->
          <reporter-output>
          </reporter-output>
        </test-method> <!-- testCase3 -->
      </class> <!-- org.dwivedi.listeners.ListenerTest -->
    </test> <!-- /Users/neelima/GitHome/TestNGProject/src/test/java/org.dwivedi.listeners.ListenerTest -->
  </suite> <!-- All Test Suite -->
</testng-results>
